<?xml version="1.0" encoding="UTF-8"?>
<testsuite xmlns:xsi="http://www.w3.org/2001/XMLSchema-instance" xsi:noNamespaceSchemaLocation="https://maven.apache.org/surefire/maven-surefire-plugin/xsd/surefire-test-report-3.0.xsd" version="3.0" name="pl.polsl.wojtanek.CircutPartTest" time="0.13" tests="6" errors="0" skipped="0" failures="0">
  <properties>
[...]
</properties>
  <testcase name="testInParallel(double, double, double, double, double, double)[1]" classname="pl.polsl.wojtanek.CircutPartTest" time="0.044"/>
  <testcase name="testInParallel(double, double, double, double, double, double)[2]" classname="pl.polsl.wojtanek.CircutPartTest" time="0.002"/>
  <testcase name="testInSeries(double, double, double, double, double, double)[1]" classname="pl.polsl.wojtanek.CircutPartTest" time="0.001"/>
  <testcase name="testInSeries(double, double, double, double, double, double)[2]" classname="pl.polsl.wojtanek.CircutPartTest" time="0.001"/>
  <testcase name="testTestStream(double, double, double, double, double, double)[1]" classname="pl.polsl.wojtanek.CircutPartTest" time="0.01"/>
  <testcase name="testTestStream(double, double, double, double, double, double)[2]" classname="pl.polsl.wojtanek.CircutPartTest" time="0.001"/>
</testsuite>